{"C:\\www\\personal_financing\\api\\src\\data\\protocols\\index.ts": {"path":"C:\\www\\personal_financing\\api\\src\\data\\protocols\\index.ts","statementMap":{"0":{"start":{"line":1,"column":0},"end":{"line":1,"column":45}},"1":{"start":{"line":2,"column":0},"end":{"line":2,"column":46}},"2":{"start":{"line":3,"column":0},"end":{"line":3,"column":46}}},"fnMap":{},"branchMap":{},"s":{"0":0,"1":0,"2":0},"f":{},"b":{}}
,"C:\\www\\personal_financing\\api\\src\\data\\tests\\index.ts": {"path":"C:\\www\\personal_financing\\api\\src\\data\\tests\\index.ts","statementMap":{"0":{"start":{"line":1,"column":0},"end":{"line":1,"column":46}},"1":{"start":{"line":2,"column":0},"end":{"line":2,"column":51}},"2":{"start":{"line":3,"column":0},"end":{"line":3,"column":51}}},"fnMap":{},"branchMap":{},"s":{"0":1,"1":1,"2":1},"f":{},"b":{}}
,"C:\\www\\personal_financing\\api\\src\\data\\tests\\db\\mock-accounts-repository.ts": {"path":"C:\\www\\personal_financing\\api\\src\\data\\tests\\db\\mock-accounts-repository.ts","statementMap":{"0":{"start":{"line":2,"column":0},"end":{"line":2,"column":58}},"1":{"start":{"line":6,"column":2},"end":{"line":6,"column":26}},"2":{"start":{"line":8,"column":4},"end":{"line":8,"column":23}},"3":{"start":{"line":9,"column":4},"end":{"line":9,"column":24}},"4":{"start":{"line":4,"column":0},"end":{"line":4,"column":13}}},"fnMap":{"0":{"name":"(anonymous_0)","decl":{"start":{"line":4,"column":0},"end":{"line":4,"column":13}},"loc":{"start":{"line":4,"column":0},"end":{"line":11,"column":1}}},"1":{"name":"(anonymous_1)","decl":{"start":{"line":7,"column":2},"end":{"line":7,"column":7}},"loc":{"start":{"line":7,"column":33},"end":{"line":10,"column":3}}}},"branchMap":{},"s":{"0":1,"1":6,"2":6,"3":6,"4":1},"f":{"0":6,"1":6},"b":{}}
,"C:\\www\\personal_financing\\api\\src\\data\\tests\\utils\\mock-comparation-encrypter.ts": {"path":"C:\\www\\personal_financing\\api\\src\\data\\tests\\utils\\mock-comparation-encrypter.ts","statementMap":{"0":{"start":{"line":6,"column":4},"end":{"line":6,"column":25}},"1":{"start":{"line":7,"column":4},"end":{"line":7,"column":33}},"2":{"start":{"line":3,"column":0},"end":{"line":3,"column":13}}},"fnMap":{"0":{"name":"(anonymous_0)","decl":{"start":{"line":5,"column":2},"end":{"line":5,"column":7}},"loc":{"start":{"line":5,"column":51},"end":{"line":8,"column":3}}}},"branchMap":{},"s":{"0":4,"1":4,"2":1},"f":{"0":4},"b":{}}
,"C:\\www\\personal_financing\\api\\src\\data\\tests\\utils\\mock-generate-access-token.ts": {"path":"C:\\www\\personal_financing\\api\\src\\data\\tests\\utils\\mock-generate-access-token.ts","statementMap":{"0":{"start":{"line":1,"column":0},"end":{"line":1,"column":26}},"1":{"start":{"line":6,"column":2},"end":{"line":6,"column":36}},"2":{"start":{"line":8,"column":4},"end":{"line":8,"column":25}},"3":{"start":{"line":9,"column":4},"end":{"line":9,"column":28}},"4":{"start":{"line":4,"column":0},"end":{"line":4,"column":13}}},"fnMap":{"0":{"name":"(anonymous_1)","decl":{"start":{"line":4,"column":0},"end":{"line":4,"column":13}},"loc":{"start":{"line":4,"column":0},"end":{"line":11,"column":1}}},"1":{"name":"(anonymous_2)","decl":{"start":{"line":7,"column":2},"end":{"line":7,"column":10}},"loc":{"start":{"line":7,"column":45},"end":{"line":10,"column":3}}}},"branchMap":{},"s":{"0":1,"1":6,"2":4,"3":4,"4":1},"f":{"0":6,"1":4},"b":{}}
,"C:\\www\\personal_financing\\api\\src\\data\\usecases\\index.ts": {"path":"C:\\www\\personal_financing\\api\\src\\data\\usecases\\index.ts","statementMap":{"0":{"start":{"line":1,"column":0},"end":{"line":1,"column":47}}},"fnMap":{},"branchMap":{},"s":{"0":0},"f":{},"b":{}}
,"C:\\www\\personal_financing\\api\\src\\data\\usecases\\authenticate\\db-authenticate.ts": {"path":"C:\\www\\personal_financing\\api\\src\\data\\usecases\\authenticate\\db-authenticate.ts","statementMap":{"0":{"start":{"line":10,"column":21},"end":{"line":10,"column":62}},"1":{"start":{"line":11,"column":21},"end":{"line":11,"column":63}},"2":{"start":{"line":12,"column":21},"end":{"line":12,"column":61}},"3":{"start":{"line":16,"column":20},"end":{"line":16,"column":75}},"4":{"start":{"line":18,"column":4},"end":{"line":18,"column":30}},"5":{"start":{"line":18,"column":18},"end":{"line":18,"column":30}},"6":{"start":{"line":20,"column":20},"end":{"line":23,"column":6}},"7":{"start":{"line":25,"column":4},"end":{"line":25,"column":30}},"8":{"start":{"line":25,"column":18},"end":{"line":25,"column":30}},"9":{"start":{"line":27,"column":24},"end":{"line":30,"column":6}},"10":{"start":{"line":32,"column":4},"end":{"line":32,"column":76}},"11":{"start":{"line":8,"column":0},"end":{"line":8,"column":13}}},"fnMap":{"0":{"name":"(anonymous_0)","decl":{"start":{"line":9,"column":2},"end":{"line":9,"column":null}},"loc":{"start":{"line":12,"column":61},"end":{"line":13,"column":6}}},"1":{"name":"(anonymous_1)","decl":{"start":{"line":15,"column":2},"end":{"line":15,"column":7}},"loc":{"start":{"line":15,"column":40},"end":{"line":33,"column":3}}}},"branchMap":{"0":{"loc":{"start":{"line":18,"column":4},"end":{"line":18,"column":30}},"type":"if","locations":[{"start":{"line":18,"column":4},"end":{"line":18,"column":30}},{"start":{"line":18,"column":4},"end":{"line":18,"column":30}}]},"1":{"loc":{"start":{"line":25,"column":4},"end":{"line":25,"column":30}},"type":"if","locations":[{"start":{"line":25,"column":4},"end":{"line":25,"column":30}},{"start":{"line":25,"column":4},"end":{"line":25,"column":30}}]}},"s":{"0":6,"1":6,"2":6,"3":6,"4":6,"5":1,"6":5,"7":5,"8":1,"9":4,"10":4,"11":1},"f":{"0":6,"1":6},"b":{"0":[1,5],"1":[1,4]}}
,"C:\\www\\personal_financing\\api\\src\\domain\\errors\\index.ts": {"path":"C:\\www\\personal_financing\\api\\src\\domain\\errors\\index.ts","statementMap":{"0":{"start":{"line":1,"column":0},"end":{"line":1,"column":37}},"1":{"start":{"line":2,"column":0},"end":{"line":2,"column":31}}},"fnMap":{},"branchMap":{},"s":{"0":1,"1":1},"f":{},"b":{}}
,"C:\\www\\personal_financing\\api\\src\\domain\\errors\\server-error.ts": {"path":"C:\\www\\personal_financing\\api\\src\\domain\\errors\\server-error.ts","statementMap":{"0":{"start":{"line":3,"column":4},"end":{"line":3,"column":35}},"1":{"start":{"line":4,"column":4},"end":{"line":4,"column":30}},"2":{"start":{"line":1,"column":0},"end":{"line":1,"column":13}}},"fnMap":{"0":{"name":"(anonymous_0)","decl":{"start":{"line":2,"column":2},"end":{"line":2,"column":null}},"loc":{"start":{"line":2,"column":2},"end":{"line":5,"column":3}}}},"branchMap":{},"s":{"0":2,"1":2,"2":1},"f":{"0":2},"b":{}}
,"C:\\www\\personal_financing\\api\\src\\domain\\errors\\unauthorized-error.ts": {"path":"C:\\www\\personal_financing\\api\\src\\domain\\errors\\unauthorized-error.ts","statementMap":{"0":{"start":{"line":3,"column":4},"end":{"line":3,"column":26}},"1":{"start":{"line":4,"column":4},"end":{"line":4,"column":36}},"2":{"start":{"line":1,"column":0},"end":{"line":1,"column":13}}},"fnMap":{"0":{"name":"(anonymous_0)","decl":{"start":{"line":2,"column":2},"end":{"line":2,"column":null}},"loc":{"start":{"line":2,"column":2},"end":{"line":5,"column":3}}}},"branchMap":{},"s":{"0":2,"1":2,"2":1},"f":{"0":2},"b":{}}
,"C:\\www\\personal_financing\\api\\src\\domain\\models\\index.ts": {"path":"C:\\www\\personal_financing\\api\\src\\domain\\models\\index.ts","statementMap":{"0":{"start":{"line":1,"column":0},"end":{"line":1,"column":26}}},"fnMap":{},"branchMap":{},"s":{"0":0},"f":{},"b":{}}
,"C:\\www\\personal_financing\\api\\src\\domain\\tests\\mock-account.ts": {"path":"C:\\www\\personal_financing\\api\\src\\domain\\tests\\mock-account.ts","statementMap":{"0":{"start":{"line":1,"column":0},"end":{"line":1,"column":26}},"1":{"start":{"line":5,"column":13},"end":{"line":10,"column":3}},"2":{"start":{"line":5,"column":43},"end":{"line":10,"column":2}},"3":{"start":{"line":12,"column":13},"end":{"line":18,"column":3}},"4":{"start":{"line":12,"column":63},"end":{"line":18,"column":2}}},"fnMap":{"0":{"name":"(anonymous_1)","decl":{"start":{"line":5,"column":27},"end":{"line":5,"column":39}},"loc":{"start":{"line":5,"column":43},"end":{"line":10,"column":2}}},"1":{"name":"(anonymous_2)","decl":{"start":{"line":12,"column":36},"end":{"line":12,"column":59}},"loc":{"start":{"line":12,"column":63},"end":{"line":18,"column":2}}}},"branchMap":{},"s":{"0":4,"1":4,"2":7,"3":4,"4":6},"f":{"0":7,"1":6},"b":{}}
,"C:\\www\\personal_financing\\api\\src\\domain\\usecases\\index.ts": {"path":"C:\\www\\personal_financing\\api\\src\\domain\\usecases\\index.ts","statementMap":{"0":{"start":{"line":1,"column":0},"end":{"line":1,"column":31}}},"fnMap":{},"branchMap":{},"s":{"0":0},"f":{},"b":{}}
,"C:\\www\\personal_financing\\api\\src\\infra\\db\\config\\database.ts": {"path":"C:\\www\\personal_financing\\api\\src\\infra\\db\\config\\database.ts","statementMap":{"0":{"start":{"line":1,"column":0},"end":{"line":1,"column":58}},"1":{"start":{"line":3,"column":19},"end":{"line":21,"column":2}},"2":{"start":{"line":5,"column":4},"end":{"line":5,"column":29}},"3":{"start":{"line":9,"column":4},"end":{"line":9,"column":34}},"4":{"start":{"line":13,"column":23},"end":{"line":13,"column":38}},"5":{"start":{"line":14,"column":21},"end":{"line":14,"column":47}},"6":{"start":{"line":16,"column":4},"end":{"line":19,"column":7}},"7":{"start":{"line":17,"column":25},"end":{"line":17,"column":62}},"8":{"start":{"line":18,"column":6},"end":{"line":18,"column":64}},"9":{"start":{"line":23,"column":0},"end":{"line":23,"column":26}}},"fnMap":{"0":{"name":"(anonymous_0)","decl":{"start":{"line":4,"column":2},"end":{"line":4,"column":7}},"loc":{"start":{"line":4,"column":14},"end":{"line":6,"column":3}}},"1":{"name":"(anonymous_1)","decl":{"start":{"line":8,"column":2},"end":{"line":8,"column":7}},"loc":{"start":{"line":8,"column":13},"end":{"line":10,"column":3}}},"2":{"name":"(anonymous_2)","decl":{"start":{"line":12,"column":2},"end":{"line":12,"column":7}},"loc":{"start":{"line":12,"column":13},"end":{"line":20,"column":3}}},"3":{"name":"(anonymous_3)","decl":{"start":{"line":16,"column":21},"end":{"line":16,"column":26}},"loc":{"start":{"line":16,"column":38},"end":{"line":19,"column":5}}}},"branchMap":{},"s":{"0":1,"1":1,"2":1,"3":1,"4":3,"5":3,"6":3,"7":3,"8":3,"9":1},"f":{"0":1,"1":1,"2":3,"3":3},"b":{}}
,"C:\\www\\personal_financing\\api\\src\\infra\\db\\models\\account.ts": {"path":"C:\\www\\personal_financing\\api\\src\\infra\\db\\models\\account.ts","statementMap":{"0":{"start":{"line":1,"column":0},"end":{"line":1,"column":null}},"1":{"start":{"line":11,"column":0},"end":{"line":29,"column":null}},"2":{"start":{"line":13,"column":2},"end":{"line":13,"column":null}},"3":{"start":{"line":16,"column":2},"end":{"line":16,"column":null}},"4":{"start":{"line":19,"column":2},"end":{"line":19,"column":null}},"5":{"start":{"line":22,"column":2},"end":{"line":22,"column":null}},"6":{"start":{"line":25,"column":2},"end":{"line":25,"column":null}},"7":{"start":{"line":28,"column":2},"end":{"line":28,"column":null}},"8":{"start":{"line":11,"column":13},"end":{"line":29,"column":null}},"9":{"start":{"line":11,"column":13},"end":{"line":11,"column":25}}},"fnMap":{},"branchMap":{},"s":{"0":1,"1":1,"2":1,"3":1,"4":1,"5":1,"6":1,"7":1,"8":1,"9":1},"f":{},"b":{}}
,"C:\\www\\personal_financing\\api\\src\\infra\\db\\repositories\\index.ts": {"path":"C:\\www\\personal_financing\\api\\src\\infra\\db\\repositories\\index.ts","statementMap":{"0":{"start":{"line":1,"column":0},"end":{"line":1,"column":55}}},"fnMap":{},"branchMap":{},"s":{"0":0},"f":{},"b":{}}
,"C:\\www\\personal_financing\\api\\src\\infra\\db\\repositories\\accounts\\typeorm-accounts-repository.ts": {"path":"C:\\www\\personal_financing\\api\\src\\infra\\db\\repositories\\accounts\\typeorm-accounts-repository.ts","statementMap":{"0":{"start":{"line":1,"column":0},"end":{"line":1,"column":58}},"1":{"start":{"line":3,"column":0},"end":{"line":3,"column":57}},"2":{"start":{"line":6,"column":0},"end":{"line":21,"column":null}},"3":{"start":{"line":7,"column":31},"end":{"line":7,"column":44}},"4":{"start":{"line":10,"column":20},"end":{"line":14,"column":6}},"5":{"start":{"line":16,"column":4},"end":{"line":16,"column":30}},"6":{"start":{"line":16,"column":18},"end":{"line":16,"column":30}},"7":{"start":{"line":18,"column":55},"end":{"line":18,"column":62}},"8":{"start":{"line":19,"column":4},"end":{"line":19,"column":23}},"9":{"start":{"line":6,"column":13},"end":{"line":21,"column":null}},"10":{"start":{"line":6,"column":13},"end":{"line":6,"column":38}}},"fnMap":{"0":{"name":"(anonymous_2)","decl":{"start":{"line":7,"column":2},"end":{"line":7,"column":31}},"loc":{"start":{"line":7,"column":71},"end":{"line":7,"column":75}}},"1":{"name":"(anonymous_3)","decl":{"start":{"line":9,"column":2},"end":{"line":9,"column":7}},"loc":{"start":{"line":9,"column":33},"end":{"line":20,"column":3}}}},"branchMap":{"0":{"loc":{"start":{"line":7,"column":44},"end":{"line":7,"column":71}},"type":"default-arg","locations":[{"start":{"line":7,"column":44},"end":{"line":7,"column":71}}]},"1":{"loc":{"start":{"line":16,"column":4},"end":{"line":16,"column":30}},"type":"if","locations":[{"start":{"line":16,"column":4},"end":{"line":16,"column":30}},{"start":{"line":16,"column":4},"end":{"line":16,"column":30}}]}},"s":{"0":1,"1":1,"2":1,"3":3,"4":3,"5":2,"6":1,"7":1,"8":1,"9":1,"10":1},"f":{"0":3,"1":3},"b":{"0":[3],"1":[1,1]}}
,"C:\\www\\personal_financing\\api\\src\\infra\\utils\\bcrypt-adapter.ts": {"path":"C:\\www\\personal_financing\\api\\src\\infra\\utils\\bcrypt-adapter.ts","statementMap":{"0":{"start":{"line":1,"column":0},"end":{"line":1,"column":28}},"1":{"start":{"line":9,"column":4},"end":{"line":9,"column":49}},"2":{"start":{"line":4,"column":0},"end":{"line":4,"column":13}}},"fnMap":{"0":{"name":"(anonymous_1)","decl":{"start":{"line":5,"column":2},"end":{"line":5,"column":7}},"loc":{"start":{"line":8,"column":32},"end":{"line":10,"column":3}}}},"branchMap":{},"s":{"0":1,"1":3,"2":1},"f":{"0":3},"b":{}}
,"C:\\www\\personal_financing\\api\\src\\infra\\utils\\jwt-token-adapter.ts": {"path":"C:\\www\\personal_financing\\api\\src\\infra\\utils\\jwt-token-adapter.ts","statementMap":{"0":{"start":{"line":1,"column":0},"end":{"line":1,"column":31}},"1":{"start":{"line":5,"column":31},"end":{"line":5,"column":48}},"2":{"start":{"line":8,"column":4},"end":{"line":8,"column":44}},"3":{"start":{"line":4,"column":0},"end":{"line":4,"column":13}}},"fnMap":{"0":{"name":"(anonymous_1)","decl":{"start":{"line":5,"column":2},"end":{"line":5,"column":31}},"loc":{"start":{"line":5,"column":48},"end":{"line":5,"column":52}}},"1":{"name":"(anonymous_2)","decl":{"start":{"line":7,"column":2},"end":{"line":7,"column":10}},"loc":{"start":{"line":7,"column":45},"end":{"line":9,"column":3}}}},"branchMap":{},"s":{"0":1,"1":2,"2":2,"3":1},"f":{"0":2,"1":2},"b":{}}
,"C:\\www\\personal_financing\\api\\src\\presentation\\controllers\\authentication-controller.ts": {"path":"C:\\www\\personal_financing\\api\\src\\presentation\\controllers\\authentication-controller.ts","statementMap":{"0":{"start":{"line":3,"column":0},"end":{"line":3,"column":null}},"1":{"start":{"line":11,"column":0},"end":{"line":11,"column":65}},"2":{"start":{"line":15,"column":21},"end":{"line":15,"column":47}},"3":{"start":{"line":16,"column":21},"end":{"line":16,"column":43}},"4":{"start":{"line":20,"column":4},"end":{"line":36,"column":null}},"5":{"start":{"line":21,"column":30},"end":{"line":21,"column":72}},"6":{"start":{"line":22,"column":6},"end":{"line":24,"column":null}},"7":{"start":{"line":23,"column":8},"end":{"line":23,"column":43}},"8":{"start":{"line":26,"column":34},"end":{"line":26,"column":50}},"9":{"start":{"line":27,"column":25},"end":{"line":27,"column":74}},"10":{"start":{"line":29,"column":6},"end":{"line":31,"column":null}},"11":{"start":{"line":30,"column":8},"end":{"line":30,"column":53}},"12":{"start":{"line":33,"column":6},"end":{"line":33,"column":33}},"13":{"start":{"line":35,"column":6},"end":{"line":35,"column":44}},"14":{"start":{"line":13,"column":0},"end":{"line":13,"column":13}}},"fnMap":{"0":{"name":"(anonymous_0)","decl":{"start":{"line":14,"column":2},"end":{"line":14,"column":null}},"loc":{"start":{"line":16,"column":43},"end":{"line":17,"column":6}}},"1":{"name":"(anonymous_1)","decl":{"start":{"line":19,"column":2},"end":{"line":19,"column":7}},"loc":{"start":{"line":19,"column":39},"end":{"line":37,"column":3}}}},"branchMap":{"0":{"loc":{"start":{"line":22,"column":6},"end":{"line":24,"column":null}},"type":"if","locations":[{"start":{"line":22,"column":6},"end":{"line":24,"column":null}},{"start":{"line":22,"column":6},"end":{"line":24,"column":null}}]},"1":{"loc":{"start":{"line":29,"column":6},"end":{"line":31,"column":null}},"type":"if","locations":[{"start":{"line":29,"column":6},"end":{"line":31,"column":null}},{"start":{"line":29,"column":6},"end":{"line":31,"column":null}}]}},"s":{"0":1,"1":1,"2":6,"3":6,"4":6,"5":6,"6":6,"7":1,"8":5,"9":5,"10":4,"11":1,"12":3,"13":1,"14":1},"f":{"0":6,"1":6},"b":{"0":[1,5],"1":[1,3]}}
,"C:\\www\\personal_financing\\api\\src\\presentation\\controllers\\index.ts": {"path":"C:\\www\\personal_financing\\api\\src\\presentation\\controllers\\index.ts","statementMap":{"0":{"start":{"line":1,"column":0},"end":{"line":1,"column":44}}},"fnMap":{},"branchMap":{},"s":{"0":0},"f":{},"b":{}}
,"C:\\www\\personal_financing\\api\\src\\presentation\\errors\\index.ts": {"path":"C:\\www\\personal_financing\\api\\src\\presentation\\errors\\index.ts","statementMap":{"0":{"start":{"line":1,"column":0},"end":{"line":1,"column":39}}},"fnMap":{},"branchMap":{},"s":{"0":1},"f":{},"b":{}}
,"C:\\www\\personal_financing\\api\\src\\presentation\\errors\\required-field-error.ts": {"path":"C:\\www\\personal_financing\\api\\src\\presentation\\errors\\required-field-error.ts","statementMap":{"0":{"start":{"line":3,"column":4},"end":{"line":3,"column":34}},"1":{"start":{"line":4,"column":4},"end":{"line":4,"column":37}},"2":{"start":{"line":1,"column":0},"end":{"line":1,"column":13}}},"fnMap":{"0":{"name":"(anonymous_0)","decl":{"start":{"line":2,"column":2},"end":{"line":2,"column":14}},"loc":{"start":{"line":2,"column":27},"end":{"line":5,"column":3}}}},"branchMap":{},"s":{"0":2,"1":2,"2":1},"f":{"0":2},"b":{}}
,"C:\\www\\personal_financing\\api\\src\\presentation\\protocols\\index.ts": {"path":"C:\\www\\personal_financing\\api\\src\\presentation\\protocols\\index.ts","statementMap":{"0":{"start":{"line":1,"column":0},"end":{"line":1,"column":29}}},"fnMap":{},"branchMap":{},"s":{"0":0},"f":{},"b":{}}
,"C:\\www\\personal_financing\\api\\src\\presentation\\protocols\\http\\helpers.ts": {"path":"C:\\www\\personal_financing\\api\\src\\presentation\\protocols\\http\\helpers.ts","statementMap":{"0":{"start":{"line":2,"column":0},"end":{"line":2,"column":52}},"1":{"start":{"line":4,"column":13},"end":{"line":9,"column":3}},"2":{"start":{"line":4,"column":59},"end":{"line":9,"column":2}},"3":{"start":{"line":11,"column":13},"end":{"line":16,"column":3}},"4":{"start":{"line":11,"column":61},"end":{"line":16,"column":2}},"5":{"start":{"line":18,"column":13},"end":{"line":23,"column":3}},"6":{"start":{"line":18,"column":60},"end":{"line":23,"column":2}},"7":{"start":{"line":25,"column":13},"end":{"line":28,"column":3}},"8":{"start":{"line":25,"column":53},"end":{"line":28,"column":2}}},"fnMap":{"0":{"name":"(anonymous_0)","decl":{"start":{"line":4,"column":26},"end":{"line":4,"column":27}},"loc":{"start":{"line":4,"column":59},"end":{"line":9,"column":2}}},"1":{"name":"(anonymous_1)","decl":{"start":{"line":11,"column":28},"end":{"line":11,"column":29}},"loc":{"start":{"line":11,"column":61},"end":{"line":16,"column":2}}},"2":{"name":"(anonymous_2)","decl":{"start":{"line":18,"column":27},"end":{"line":18,"column":28}},"loc":{"start":{"line":18,"column":60},"end":{"line":23,"column":2}}},"3":{"name":"(anonymous_3)","decl":{"start":{"line":25,"column":23},"end":{"line":25,"column":24}},"loc":{"start":{"line":25,"column":53},"end":{"line":28,"column":2}}}},"branchMap":{},"s":{"0":1,"1":1,"2":2,"3":1,"4":2,"5":1,"6":2,"7":1,"8":4},"f":{"0":2,"1":2,"2":2,"3":4},"b":{}}
,"C:\\www\\personal_financing\\api\\src\\presentation\\protocols\\http\\http-status-code.ts": {"path":"C:\\www\\personal_financing\\api\\src\\presentation\\protocols\\http\\http-status-code.ts","statementMap":{"0":{"start":{"line":1,"column":0},"end":{"line":1,"column":null}},"1":{"start":{"line":2,"column":2},"end":{"line":2,"column":null}},"2":{"start":{"line":3,"column":2},"end":{"line":3,"column":null}},"3":{"start":{"line":4,"column":2},"end":{"line":4,"column":null}},"4":{"start":{"line":5,"column":2},"end":{"line":5,"column":null}}},"fnMap":{"0":{"name":"(anonymous_0)","decl":{"start":{"line":1,"column":0},"end":{"line":1,"column":12}},"loc":{"start":{"line":1,"column":26},"end":{"line":6,"column":1}}}},"branchMap":{"0":{"loc":{"start":{"line":1,"column":12},"end":{"line":1,"column":26}},"type":"binary-expr","locations":[{"start":{"line":1,"column":12},"end":{"line":1,"column":26}},{"start":{"line":1,"column":12},"end":{"line":1,"column":null}}]}},"s":{"0":1,"1":1,"2":1,"3":1,"4":1},"f":{"0":1},"b":{"0":[1,1]}}
,"C:\\www\\personal_financing\\api\\src\\presentation\\protocols\\http\\index.ts": {"path":"C:\\www\\personal_financing\\api\\src\\presentation\\protocols\\http\\index.ts","statementMap":{"0":{"start":{"line":1,"column":0},"end":{"line":1,"column":31}},"1":{"start":{"line":2,"column":0},"end":{"line":2,"column":32}},"2":{"start":{"line":3,"column":0},"end":{"line":3,"column":26}},"3":{"start":{"line":4,"column":0},"end":{"line":4,"column":35}}},"fnMap":{},"branchMap":{},"s":{"0":1,"1":1,"2":1,"3":1},"f":{},"b":{}}
,"C:\\www\\personal_financing\\api\\src\\presentation\\test\\index.ts": {"path":"C:\\www\\personal_financing\\api\\src\\presentation\\test\\index.ts","statementMap":{"0":{"start":{"line":1,"column":0},"end":{"line":1,"column":34}},"1":{"start":{"line":2,"column":0},"end":{"line":2,"column":36}}},"fnMap":{},"branchMap":{},"s":{"0":2,"1":2},"f":{},"b":{}}
,"C:\\www\\personal_financing\\api\\src\\presentation\\test\\mock-authenticate.ts": {"path":"C:\\www\\personal_financing\\api\\src\\presentation\\test\\mock-authenticate.ts","statementMap":{"0":{"start":{"line":2,"column":0},"end":{"line":2,"column":67}},"1":{"start":{"line":6,"column":2},"end":{"line":6,"column":35}},"2":{"start":{"line":8,"column":4},"end":{"line":8,"column":25}},"3":{"start":{"line":9,"column":4},"end":{"line":9,"column":24}},"4":{"start":{"line":4,"column":0},"end":{"line":4,"column":13}}},"fnMap":{"0":{"name":"(anonymous_0)","decl":{"start":{"line":4,"column":0},"end":{"line":4,"column":13}},"loc":{"start":{"line":4,"column":0},"end":{"line":11,"column":1}}},"1":{"name":"(anonymous_1)","decl":{"start":{"line":7,"column":2},"end":{"line":7,"column":7}},"loc":{"start":{"line":7,"column":40},"end":{"line":10,"column":3}}}},"branchMap":{},"s":{"0":2,"1":6,"2":4,"3":4,"4":2},"f":{"0":6,"1":4},"b":{}}
,"C:\\www\\personal_financing\\api\\src\\presentation\\test\\mock-validation.ts": {"path":"C:\\www\\personal_financing\\api\\src\\presentation\\test\\mock-validation.ts","statementMap":{"0":{"start":{"line":5,"column":2},"end":{"line":5,"column":25}},"1":{"start":{"line":7,"column":4},"end":{"line":7,"column":23}},"2":{"start":{"line":8,"column":4},"end":{"line":8,"column":32}},"3":{"start":{"line":3,"column":0},"end":{"line":3,"column":13}}},"fnMap":{"0":{"name":"(anonymous_0)","decl":{"start":{"line":3,"column":0},"end":{"line":3,"column":13}},"loc":{"start":{"line":3,"column":0},"end":{"line":10,"column":1}}},"1":{"name":"(anonymous_1)","decl":{"start":{"line":6,"column":2},"end":{"line":6,"column":10}},"loc":{"start":{"line":6,"column":21},"end":{"line":9,"column":3}}}},"branchMap":{},"s":{"0":12,"1":11,"2":11,"3":2},"f":{"0":12,"1":11},"b":{}}
,"C:\\www\\personal_financing\\api\\src\\validation\\test\\index.ts": {"path":"C:\\www\\personal_financing\\api\\src\\validation\\test\\index.ts","statementMap":{"0":{"start":{"line":1,"column":0},"end":{"line":1,"column":34}}},"fnMap":{},"branchMap":{},"s":{"0":0},"f":{},"b":{}}
,"C:\\www\\personal_financing\\api\\src\\validation\\test\\mock-validation.ts": {"path":"C:\\www\\personal_financing\\api\\src\\validation\\test\\mock-validation.ts","statementMap":{"0":{"start":{"line":5,"column":2},"end":{"line":5,"column":25}},"1":{"start":{"line":7,"column":4},"end":{"line":7,"column":23}},"2":{"start":{"line":8,"column":4},"end":{"line":8,"column":32}},"3":{"start":{"line":3,"column":0},"end":{"line":3,"column":13}}},"fnMap":{"0":{"name":"(anonymous_0)","decl":{"start":{"line":3,"column":0},"end":{"line":3,"column":13}},"loc":{"start":{"line":3,"column":0},"end":{"line":10,"column":1}}},"1":{"name":"(anonymous_1)","decl":{"start":{"line":6,"column":2},"end":{"line":6,"column":10}},"loc":{"start":{"line":6,"column":21},"end":{"line":9,"column":3}}}},"branchMap":{},"s":{"0":0,"1":0,"2":0,"3":0},"f":{"0":0,"1":0},"b":{}}
,"C:\\www\\personal_financing\\api\\src\\validation\\validators\\index.ts": {"path":"C:\\www\\personal_financing\\api\\src\\validation\\validators\\index.ts","statementMap":{"0":{"start":{"line":1,"column":0},"end":{"line":1,"column":39}},"1":{"start":{"line":2,"column":0},"end":{"line":2,"column":44}}},"fnMap":{},"branchMap":{},"s":{"0":0,"1":0},"f":{},"b":{}}
,"C:\\www\\personal_financing\\api\\src\\validation\\validators\\required-field-validation.ts": {"path":"C:\\www\\personal_financing\\api\\src\\validation\\validators\\required-field-validation.ts","statementMap":{"0":{"start":{"line":2,"column":0},"end":{"line":2,"column":59}},"1":{"start":{"line":5,"column":31},"end":{"line":5,"column":44}},"2":{"start":{"line":8,"column":4},"end":{"line":10,"column":null}},"3":{"start":{"line":9,"column":6},"end":{"line":9,"column":48}},"4":{"start":{"line":11,"column":4},"end":{"line":11,"column":16}},"5":{"start":{"line":4,"column":0},"end":{"line":4,"column":13}}},"fnMap":{"0":{"name":"(anonymous_0)","decl":{"start":{"line":5,"column":2},"end":{"line":5,"column":31}},"loc":{"start":{"line":5,"column":44},"end":{"line":5,"column":48}}},"1":{"name":"(anonymous_1)","decl":{"start":{"line":7,"column":2},"end":{"line":7,"column":10}},"loc":{"start":{"line":7,"column":21},"end":{"line":12,"column":3}}}},"branchMap":{"0":{"loc":{"start":{"line":8,"column":4},"end":{"line":10,"column":null}},"type":"if","locations":[{"start":{"line":8,"column":4},"end":{"line":10,"column":null}},{"start":{"line":8,"column":4},"end":{"line":10,"column":null}}]}},"s":{"0":1,"1":2,"2":2,"3":1,"4":1,"5":1},"f":{"0":2,"1":2},"b":{"0":[1,1]}}
,"C:\\www\\personal_financing\\api\\src\\validation\\validators\\validation-composite.ts": {"path":"C:\\www\\personal_financing\\api\\src\\validation\\validators\\validation-composite.ts","statementMap":{"0":{"start":{"line":4,"column":31},"end":{"line":4,"column":56}},"1":{"start":{"line":7,"column":4},"end":{"line":12,"column":null}},"2":{"start":{"line":8,"column":30},"end":{"line":8,"column":56}},"3":{"start":{"line":9,"column":6},"end":{"line":11,"column":null}},"4":{"start":{"line":10,"column":8},"end":{"line":10,"column":31}},"5":{"start":{"line":13,"column":4},"end":{"line":13,"column":16}},"6":{"start":{"line":3,"column":0},"end":{"line":3,"column":13}}},"fnMap":{"0":{"name":"(anonymous_0)","decl":{"start":{"line":4,"column":2},"end":{"line":4,"column":31}},"loc":{"start":{"line":4,"column":56},"end":{"line":4,"column":60}}},"1":{"name":"(anonymous_1)","decl":{"start":{"line":6,"column":2},"end":{"line":6,"column":10}},"loc":{"start":{"line":6,"column":21},"end":{"line":14,"column":3}}}},"branchMap":{"0":{"loc":{"start":{"line":9,"column":6},"end":{"line":11,"column":null}},"type":"if","locations":[{"start":{"line":9,"column":6},"end":{"line":11,"column":null}},{"start":{"line":9,"column":6},"end":{"line":11,"column":null}}]}},"s":{"0":3,"1":3,"2":5,"3":5,"4":1,"5":2,"6":1},"f":{"0":3,"1":3},"b":{"0":[1,4]}}
}
