TN:
SF:src\data\protocols\index.ts
FNF:0
FNH:0
DA:1,0
DA:2,0
DA:3,0
LF:3
LH:0
BRF:0
BRH:0
end_of_record
TN:
SF:src\data\tests\index.ts
FNF:0
FNH:0
DA:1,1
DA:2,1
DA:3,1
LF:3
LH:3
BRF:0
BRH:0
end_of_record
TN:
SF:src\data\tests\db\mock-accounts-repository.ts
FN:4,(anonymous_0)
FN:7,(anonymous_1)
FNF:2
FNH:2
FNDA:6,(anonymous_0)
FNDA:6,(anonymous_1)
DA:2,1
DA:4,1
DA:6,6
DA:8,6
DA:9,6
LF:5
LH:5
BRF:0
BRH:0
end_of_record
TN:
SF:src\data\tests\utils\mock-comparation-encrypter.ts
FN:5,(anonymous_0)
FNF:1
FNH:1
FNDA:4,(anonymous_0)
DA:3,1
DA:6,4
DA:7,4
LF:3
LH:3
BRF:0
BRH:0
end_of_record
TN:
SF:src\data\tests\utils\mock-generate-access-token.ts
FN:4,(anonymous_1)
FN:7,(anonymous_2)
FNF:2
FNH:2
FNDA:6,(anonymous_1)
FNDA:4,(anonymous_2)
DA:1,1
DA:4,1
DA:6,6
DA:8,4
DA:9,4
LF:5
LH:5
BRF:0
BRH:0
end_of_record
TN:
SF:src\data\usecases\index.ts
FNF:0
FNH:0
DA:1,0
LF:1
LH:0
BRF:0
BRH:0
end_of_record
TN:
SF:src\data\usecases\authenticate\db-authenticate.ts
FN:9,(anonymous_0)
FN:15,(anonymous_1)
FNF:2
FNH:2
FNDA:6,(anonymous_0)
FNDA:6,(anonymous_1)
DA:8,1
DA:10,6
DA:11,6
DA:12,6
DA:16,6
DA:18,6
DA:20,5
DA:25,5
DA:27,4
DA:32,4
LF:10
LH:10
BRDA:18,0,0,1
BRDA:18,0,1,5
BRDA:25,1,0,1
BRDA:25,1,1,4
BRF:4
BRH:4
end_of_record
TN:
SF:src\domain\errors\index.ts
FNF:0
FNH:0
DA:1,1
DA:2,1
LF:2
LH:2
BRF:0
BRH:0
end_of_record
TN:
SF:src\domain\errors\server-error.ts
FN:2,(anonymous_0)
FNF:1
FNH:1
FNDA:2,(anonymous_0)
DA:1,1
DA:3,2
DA:4,2
LF:3
LH:3
BRF:0
BRH:0
end_of_record
TN:
SF:src\domain\errors\unauthorized-error.ts
FN:2,(anonymous_0)
FNF:1
FNH:1
FNDA:2,(anonymous_0)
DA:1,1
DA:3,2
DA:4,2
LF:3
LH:3
BRF:0
BRH:0
end_of_record
TN:
SF:src\domain\models\index.ts
FNF:0
FNH:0
DA:1,0
LF:1
LH:0
BRF:0
BRH:0
end_of_record
TN:
SF:src\domain\tests\mock-account.ts
FN:5,(anonymous_1)
FN:12,(anonymous_2)
FNF:2
FNH:2
FNDA:7,(anonymous_1)
FNDA:6,(anonymous_2)
DA:1,4
DA:5,7
DA:12,6
LF:3
LH:3
BRF:0
BRH:0
end_of_record
TN:
SF:src\domain\usecases\index.ts
FNF:0
FNH:0
DA:1,0
LF:1
LH:0
BRF:0
BRH:0
end_of_record
TN:
SF:src\infra\db\config\database.ts
FN:4,(anonymous_0)
FN:8,(anonymous_1)
FN:12,(anonymous_2)
FN:16,(anonymous_3)
FNF:4
FNH:4
FNDA:1,(anonymous_0)
FNDA:1,(anonymous_1)
FNDA:3,(anonymous_2)
FNDA:3,(anonymous_3)
DA:1,1
DA:3,1
DA:5,1
DA:9,1
DA:13,3
DA:14,3
DA:16,3
DA:17,3
DA:18,3
DA:23,1
LF:10
LH:10
BRF:0
BRH:0
end_of_record
TN:
SF:src\infra\db\models\account.ts
FNF:0
FNH:0
DA:1,1
DA:11,1
DA:13,1
DA:16,1
DA:19,1
DA:22,1
DA:25,1
DA:28,1
LF:8
LH:8
BRF:0
BRH:0
end_of_record
TN:
SF:src\infra\db\repositories\index.ts
FNF:0
FNH:0
DA:1,0
LF:1
LH:0
BRF:0
BRH:0
end_of_record
TN:
SF:src\infra\db\repositories\accounts\typeorm-accounts-repository.ts
FN:7,(anonymous_2)
FN:9,(anonymous_3)
FNF:2
FNH:2
FNDA:3,(anonymous_2)
FNDA:3,(anonymous_3)
DA:1,1
DA:3,1
DA:6,1
DA:7,3
DA:10,3
DA:16,2
DA:18,1
DA:19,1
LF:8
LH:8
BRDA:7,0,0,3
BRDA:16,1,0,1
BRDA:16,1,1,1
BRF:3
BRH:3
end_of_record
TN:
SF:src\infra\utils\bcrypt-adapter.ts
FN:5,(anonymous_1)
FNF:1
FNH:1
FNDA:3,(anonymous_1)
DA:1,1
DA:4,1
DA:9,3
LF:3
LH:3
BRF:0
BRH:0
end_of_record
TN:
SF:src\infra\utils\jwt-token-adapter.ts
FN:5,(anonymous_1)
FN:7,(anonymous_2)
FNF:2
FNH:2
FNDA:2,(anonymous_1)
FNDA:2,(anonymous_2)
DA:1,1
DA:4,1
DA:5,2
DA:8,2
LF:4
LH:4
BRF:0
BRH:0
end_of_record
TN:
SF:src\presentation\controllers\authentication-controller.ts
FN:14,(anonymous_0)
FN:19,(anonymous_1)
FNF:2
FNH:2
FNDA:6,(anonymous_0)
FNDA:6,(anonymous_1)
DA:3,1
DA:11,1
DA:13,1
DA:15,6
DA:16,6
DA:20,6
DA:21,6
DA:22,6
DA:23,1
DA:26,5
DA:27,5
DA:29,4
DA:30,1
DA:33,3
DA:35,1
LF:15
LH:15
BRDA:22,0,0,1
BRDA:22,0,1,5
BRDA:29,1,0,1
BRDA:29,1,1,3
BRF:4
BRH:4
end_of_record
TN:
SF:src\presentation\controllers\index.ts
FNF:0
FNH:0
DA:1,0
LF:1
LH:0
BRF:0
BRH:0
end_of_record
TN:
SF:src\presentation\errors\index.ts
FNF:0
FNH:0
DA:1,1
LF:1
LH:1
BRF:0
BRH:0
end_of_record
TN:
SF:src\presentation\errors\required-field-error.ts
FN:2,(anonymous_0)
FNF:1
FNH:1
FNDA:2,(anonymous_0)
DA:1,1
DA:3,2
DA:4,2
LF:3
LH:3
BRF:0
BRH:0
end_of_record
TN:
SF:src\presentation\protocols\index.ts
FNF:0
FNH:0
DA:1,0
LF:1
LH:0
BRF:0
BRH:0
end_of_record
TN:
SF:src\presentation\protocols\http\helpers.ts
FN:4,(anonymous_0)
FN:11,(anonymous_1)
FN:18,(anonymous_2)
FN:25,(anonymous_3)
FNF:4
FNH:4
FNDA:2,(anonymous_0)
FNDA:2,(anonymous_1)
FNDA:2,(anonymous_2)
FNDA:4,(anonymous_3)
DA:2,1
DA:4,2
DA:11,2
DA:18,2
DA:25,4
LF:5
LH:5
BRF:0
BRH:0
end_of_record
TN:
SF:src\presentation\protocols\http\http-status-code.ts
FN:1,(anonymous_0)
FNF:1
FNH:1
FNDA:1,(anonymous_0)
DA:1,1
DA:2,1
DA:3,1
DA:4,1
DA:5,1
LF:5
LH:5
BRDA:1,0,0,1
BRDA:1,0,1,1
BRF:2
BRH:2
end_of_record
TN:
SF:src\presentation\protocols\http\index.ts
FNF:0
FNH:0
DA:1,1
DA:2,1
DA:3,1
DA:4,1
LF:4
LH:4
BRF:0
BRH:0
end_of_record
TN:
SF:src\presentation\test\index.ts
FNF:0
FNH:0
DA:1,2
DA:2,2
LF:2
LH:2
BRF:0
BRH:0
end_of_record
TN:
SF:src\presentation\test\mock-authenticate.ts
FN:4,(anonymous_0)
FN:7,(anonymous_1)
FNF:2
FNH:2
FNDA:6,(anonymous_0)
FNDA:4,(anonymous_1)
DA:2,2
DA:4,2
DA:6,6
DA:8,4
DA:9,4
LF:5
LH:5
BRF:0
BRH:0
end_of_record
TN:
SF:src\presentation\test\mock-validation.ts
FN:3,(anonymous_0)
FN:6,(anonymous_1)
FNF:2
FNH:2
FNDA:12,(anonymous_0)
FNDA:11,(anonymous_1)
DA:3,2
DA:5,12
DA:7,11
DA:8,11
LF:4
LH:4
BRF:0
BRH:0
end_of_record
TN:
SF:src\validation\test\index.ts
FNF:0
FNH:0
DA:1,0
LF:1
LH:0
BRF:0
BRH:0
end_of_record
TN:
SF:src\validation\test\mock-validation.ts
FN:3,(anonymous_0)
FN:6,(anonymous_1)
FNF:2
FNH:0
FNDA:0,(anonymous_0)
FNDA:0,(anonymous_1)
DA:3,0
DA:5,0
DA:7,0
DA:8,0
LF:4
LH:0
BRF:0
BRH:0
end_of_record
TN:
SF:src\validation\validators\index.ts
FNF:0
FNH:0
DA:1,0
DA:2,0
LF:2
LH:0
BRF:0
BRH:0
end_of_record
TN:
SF:src\validation\validators\required-field-validation.ts
FN:5,(anonymous_0)
FN:7,(anonymous_1)
FNF:2
FNH:2
FNDA:2,(anonymous_0)
FNDA:2,(anonymous_1)
DA:2,1
DA:4,1
DA:5,2
DA:8,2
DA:9,1
DA:11,1
LF:6
LH:6
BRDA:8,0,0,1
BRDA:8,0,1,1
BRF:2
BRH:2
end_of_record
TN:
SF:src\validation\validators\validation-composite.ts
FN:4,(anonymous_0)
FN:6,(anonymous_1)
FNF:2
FNH:2
FNDA:3,(anonymous_0)
FNDA:3,(anonymous_1)
DA:3,1
DA:4,3
DA:7,3
DA:8,5
DA:9,5
DA:10,1
DA:13,2
LF:7
LH:7
BRDA:9,0,0,1
BRDA:9,0,1,4
BRF:2
BRH:2
end_of_record
